<?xml version="1.0" encoding="UTF-8"?>
<!-- Generated by org.testng.reporters.JUnitReportReporter -->
<testsuite hostname="LAPTOP-L5VJCAPT" failures="0" tests="1" name="api.endpoints.UserEndpoints" time="1.550" errors="0" timestamp="2024-01-05T13:11:44 IST" skipped="0">
  <testcase classname="api.endpoints.UserEndpoints" name="exampleRestTest" time="1.550"/>
  <system-out/>
</testsuite> <!-- api.endpoints.UserEndpoints -->
