<?xml version="1.0" encoding="UTF-8"?>
<!-- Generated by org.testng.reporters.JUnitReportReporter -->
<testsuite hostname="LAPTOP-L5VJCAPT" failures="0" tests="4" name="api.test.UserTest" time="6.376" errors="0" timestamp="2024-01-05T16:45:03 IST" skipped="0">
  <testcase classname="api.test.UserTest" name="testPostUser" time="2.330"/>
  <system-out/>
  <testcase classname="api.test.UserTest" name="testGetUser" time="1.003"/>
  <system-out/>
  <testcase classname="api.test.UserTest" name="testUpdateUser" time="2.021"/>
  <system-out/>
  <testcase classname="api.test.UserTest" name="testDeleteUser" time="1.022"/>
  <system-out/>
</testsuite> <!-- api.test.UserTest -->
